<?xml version="1.0" encoding="UTF-8"?>
<testsuite xmlns:xsi="http://www.w3.org/2001/XMLSchema-instance" xsi:noNamespaceSchemaLocation="https://maven.apache.org/surefire/maven-surefire-plugin/xsd/surefire-test-report.xsd" name="com.opipo.ultimategamesrating.UltimateGamesRatingApplicationTests" time="21.226" tests="1" errors="0" skipped="0" failures="0">
  <properties>
    <property name="sun.desktop" value="gnome"/>
    <property name="awt.toolkit" value="sun.awt.X11.XToolkit"/>
    <property name="file.encoding.pkg" value="sun.io"/>
    <property name="java.specification.version" value="1.8"/>
    <property name="sun.cpu.isalist" value=""/>
    <property name="sun.jnu.encoding" value="UTF-8"/>
    <property name="java.class.path" value="/home/acebrian/workspace2/UltimateGamesRating/target/test-classes:/home/acebrian/workspace2/UltimateGamesRating/target/classes:/home/acebrian/.m2/repository/org/springframework/boot/spring-boot-starter-actuator/2.0.0.M5/spring-boot-starter-actuator-2.0.0.M5.jar:/home/acebrian/.m2/repository/org/springframework/boot/spring-boot-starter/2.0.0.M5/spring-boot-starter-2.0.0.M5.jar:/home/acebrian/.m2/repository/org/springframework/boot/spring-boot-starter-logging/2.0.0.M5/spring-boot-starter-logging-2.0.0.M5.jar:/home/acebrian/.m2/repository/ch/qos/logback/logback-classic/1.2.3/logback-classic-1.2.3.jar:/home/acebrian/.m2/repository/ch/qos/logback/logback-core/1.2.3/logback-core-1.2.3.jar:/home/acebrian/.m2/repository/org/slf4j/jul-to-slf4j/1.7.25/jul-to-slf4j-1.7.25.jar:/home/acebrian/.m2/repository/org/slf4j/log4j-over-slf4j/1.7.25/log4j-over-slf4j-1.7.25.jar:/home/acebrian/.m2/repository/javax/annotation/javax.annotation-api/1.3.1/javax.annotation-api-1.3.1.jar:/home/acebrian/.m2/repository/org/yaml/snakeyaml/1.18/snakeyaml-1.18.jar:/home/acebrian/.m2/repository/org/springframework/boot/spring-boot-actuator-autoconfigure/2.0.0.M5/spring-boot-actuator-autoconfigure-2.0.0.M5.jar:/home/acebrian/.m2/repository/org/springframework/boot/spring-boot-actuator/2.0.0.M5/spring-boot-actuator-2.0.0.M5.jar:/home/acebrian/.m2/repository/com/fasterxml/jackson/core/jackson-databind/2.9.1/jackson-databind-2.9.1.jar:/home/acebrian/.m2/repository/com/fasterxml/jackson/core/jackson-core/2.9.1/jackson-core-2.9.1.jar:/home/acebrian/.m2/repository/org/springframework/spring-context/5.0.0.RELEASE/spring-context-5.0.0.RELEASE.jar:/home/acebrian/.m2/repository/io/micrometer/micrometer-core/1.0.0-rc.2/micrometer-core-1.0.0-rc.2.jar:/home/acebrian/.m2/repository/org/springframework/boot/spring-boot-starter-aop/2.0.0.M5/spring-boot-starter-aop-2.0.0.M5.jar:/home/acebrian/.m2/repository/org/springframework/spring-aop/5.0.0.RELEASE/spring-aop-5.0.0.RELEASE.jar:/home/acebrian/.m2/repository/org/springframework/spring-beans/5.0.0.RELEASE/spring-beans-5.0.0.RELEASE.jar:/home/acebrian/.m2/repository/org/aspectj/aspectjweaver/1.8.11/aspectjweaver-1.8.11.jar:/home/acebrian/.m2/repository/org/springframework/boot/spring-boot-starter-data-mongodb/2.0.0.M5/spring-boot-starter-data-mongodb-2.0.0.M5.jar:/home/acebrian/.m2/repository/org/mongodb/mongodb-driver/3.5.0/mongodb-driver-3.5.0.jar:/home/acebrian/.m2/repository/org/mongodb/bson/3.5.0/bson-3.5.0.jar:/home/acebrian/.m2/repository/org/mongodb/mongodb-driver-core/3.5.0/mongodb-driver-core-3.5.0.jar:/home/acebrian/.m2/repository/org/springframework/data/spring-data-mongodb/2.0.0.RELEASE/spring-data-mongodb-2.0.0.RELEASE.jar:/home/acebrian/.m2/repository/org/springframework/spring-tx/5.0.0.RELEASE/spring-tx-5.0.0.RELEASE.jar:/home/acebrian/.m2/repository/org/springframework/spring-expression/5.0.0.RELEASE/spring-expression-5.0.0.RELEASE.jar:/home/acebrian/.m2/repository/org/springframework/data/spring-data-commons/2.0.0.RELEASE/spring-data-commons-2.0.0.RELEASE.jar:/home/acebrian/.m2/repository/org/springframework/boot/spring-boot-starter-data-rest/2.0.0.M5/spring-boot-starter-data-rest-2.0.0.M5.jar:/home/acebrian/.m2/repository/org/springframework/boot/spring-boot-starter-json/2.0.0.M5/spring-boot-starter-json-2.0.0.M5.jar:/home/acebrian/.m2/repository/com/fasterxml/jackson/datatype/jackson-datatype-jdk8/2.9.1/jackson-datatype-jdk8-2.9.1.jar:/home/acebrian/.m2/repository/com/fasterxml/jackson/datatype/jackson-datatype-jsr310/2.9.1/jackson-datatype-jsr310-2.9.1.jar:/home/acebrian/.m2/repository/com/fasterxml/jackson/module/jackson-module-parameter-names/2.9.1/jackson-module-parameter-names-2.9.1.jar:/home/acebrian/.m2/repository/com/fasterxml/jackson/module/jackson-module-kotlin/2.9.1/jackson-module-kotlin-2.9.1.jar:/home/acebrian/.m2/repository/org/springframework/data/spring-data-rest-webmvc/3.0.0.RELEASE/spring-data-rest-webmvc-3.0.0.RELEASE.jar:/home/acebrian/.m2/repository/org/springframework/data/spring-data-rest-core/3.0.0.RELEASE/spring-data-rest-core-3.0.0.RELEASE.jar:/home/acebrian/.m2/repository/org/atteo/evo-inflector/1.2.2/evo-inflector-1.2.2.jar:/home/acebrian/.m2/repository/com/fasterxml/jackson/core/jackson-annotations/2.9.0/jackson-annotations-2.9.0.jar:/home/acebrian/.m2/repository/org/springframework/data/spring-data-rest-hal-browser/3.0.0.RELEASE/spring-data-rest-hal-browser-3.0.0.RELEASE.jar:/home/acebrian/.m2/repository/org/slf4j/slf4j-api/1.7.25/slf4j-api-1.7.25.jar:/home/acebrian/.m2/repository/org/springframework/boot/spring-boot-starter-hateoas/2.0.0.M5/spring-boot-starter-hateoas-2.0.0.M5.jar:/home/acebrian/.m2/repository/org/springframework/hateoas/spring-hateoas/0.23.0.RELEASE/spring-hateoas-0.23.0.RELEASE.jar:/home/acebrian/.m2/repository/org/springframework/plugin/spring-plugin-core/1.2.0.RELEASE/spring-plugin-core-1.2.0.RELEASE.jar:/home/acebrian/.m2/repository/org/springframework/boot/spring-boot-starter-security/2.0.0.M5/spring-boot-starter-security-2.0.0.M5.jar:/home/acebrian/.m2/repository/org/springframework/security/spring-security-config/5.0.0.M5/spring-security-config-5.0.0.M5.jar:/home/acebrian/.m2/repository/org/springframework/security/spring-security-web/5.0.0.M5/spring-security-web-5.0.0.M5.jar:/home/acebrian/.m2/repository/org/springframework/boot/spring-boot-starter-web/2.0.0.M5/spring-boot-starter-web-2.0.0.M5.jar:/home/acebrian/.m2/repository/org/springframework/boot/spring-boot-starter-tomcat/2.0.0.M5/spring-boot-starter-tomcat-2.0.0.M5.jar:/home/acebrian/.m2/repository/org/apache/tomcat/embed/tomcat-embed-core/8.5.23/tomcat-embed-core-8.5.23.jar:/home/acebrian/.m2/repository/org/apache/tomcat/tomcat-annotations-api/8.5.23/tomcat-annotations-api-8.5.23.jar:/home/acebrian/.m2/repository/org/apache/tomcat/embed/tomcat-embed-el/8.5.23/tomcat-embed-el-8.5.23.jar:/home/acebrian/.m2/repository/org/apache/tomcat/embed/tomcat-embed-websocket/8.5.23/tomcat-embed-websocket-8.5.23.jar:/home/acebrian/.m2/repository/org/hibernate/validator/hibernate-validator/6.0.2.Final/hibernate-validator-6.0.2.Final.jar:/home/acebrian/.m2/repository/javax/validation/validation-api/2.0.0.Final/validation-api-2.0.0.Final.jar:/home/acebrian/.m2/repository/org/jboss/logging/jboss-logging/3.3.1.Final/jboss-logging-3.3.1.Final.jar:/home/acebrian/.m2/repository/com/fasterxml/classmate/1.3.4/classmate-1.3.4.jar:/home/acebrian/.m2/repository/org/springframework/spring-web/5.0.0.RELEASE/spring-web-5.0.0.RELEASE.jar:/home/acebrian/.m2/repository/org/springframework/spring-webmvc/5.0.0.RELEASE/spring-webmvc-5.0.0.RELEASE.jar:/home/acebrian/.m2/repository/org/springframework/boot/spring-boot-devtools/2.0.0.M5/spring-boot-devtools-2.0.0.M5.jar:/home/acebrian/.m2/repository/org/springframework/boot/spring-boot/2.0.0.M5/spring-boot-2.0.0.M5.jar:/home/acebrian/.m2/repository/org/springframework/boot/spring-boot-autoconfigure/2.0.0.M5/spring-boot-autoconfigure-2.0.0.M5.jar:/home/acebrian/.m2/repository/org/springframework/boot/spring-boot-starter-test/2.0.0.M5/spring-boot-starter-test-2.0.0.M5.jar:/home/acebrian/.m2/repository/org/springframework/boot/spring-boot-test/2.0.0.M5/spring-boot-test-2.0.0.M5.jar:/home/acebrian/.m2/repository/org/springframework/boot/spring-boot-test-autoconfigure/2.0.0.M5/spring-boot-test-autoconfigure-2.0.0.M5.jar:/home/acebrian/.m2/repository/com/jayway/jsonpath/json-path/2.4.0/json-path-2.4.0.jar:/home/acebrian/.m2/repository/net/minidev/json-smart/2.3/json-smart-2.3.jar:/home/acebrian/.m2/repository/net/minidev/accessors-smart/1.2/accessors-smart-1.2.jar:/home/acebrian/.m2/repository/org/ow2/asm/asm/5.0.4/asm-5.0.4.jar:/home/acebrian/.m2/repository/junit/junit/4.12/junit-4.12.jar:/home/acebrian/.m2/repository/org/assertj/assertj-core/3.8.0/assertj-core-3.8.0.jar:/home/acebrian/.m2/repository/org/mockito/mockito-core/2.10.0/mockito-core-2.10.0.jar:/home/acebrian/.m2/repository/net/bytebuddy/byte-buddy/1.7.6/byte-buddy-1.7.6.jar:/home/acebrian/.m2/repository/net/bytebuddy/byte-buddy-agent/1.7.6/byte-buddy-agent-1.7.6.jar:/home/acebrian/.m2/repository/org/objenesis/objenesis/2.6/objenesis-2.6.jar:/home/acebrian/.m2/repository/org/hamcrest/hamcrest-core/1.3/hamcrest-core-1.3.jar:/home/acebrian/.m2/repository/org/hamcrest/hamcrest-library/1.3/hamcrest-library-1.3.jar:/home/acebrian/.m2/repository/org/skyscreamer/jsonassert/1.5.0/jsonassert-1.5.0.jar:/home/acebrian/.m2/repository/com/vaadin/external/google/android-json/0.0.20131108.vaadin1/android-json-0.0.20131108.vaadin1.jar:/home/acebrian/.m2/repository/org/springframework/spring-core/5.0.0.RELEASE/spring-core-5.0.0.RELEASE.jar:/home/acebrian/.m2/repository/org/springframework/spring-jcl/5.0.0.RELEASE/spring-jcl-5.0.0.RELEASE.jar:/home/acebrian/.m2/repository/org/springframework/spring-test/5.0.0.RELEASE/spring-test-5.0.0.RELEASE.jar:/home/acebrian/.m2/repository/org/xmlunit/xmlunit-core/2.5.0/xmlunit-core-2.5.0.jar:/home/acebrian/.m2/repository/de/flapdoodle/embed/de.flapdoodle.embed.mongo/2.0.0/de.flapdoodle.embed.mongo-2.0.0.jar:/home/acebrian/.m2/repository/de/flapdoodle/embed/de.flapdoodle.embed.process/2.0.1/de.flapdoodle.embed.process-2.0.1.jar:/home/acebrian/.m2/repository/commons-io/commons-io/2.4/commons-io-2.4.jar:/home/acebrian/.m2/repository/org/apache/commons/commons-lang3/3.6/commons-lang3-3.6.jar:/home/acebrian/.m2/repository/net/java/dev/jna/jna/4.5.0/jna-4.5.0.jar:/home/acebrian/.m2/repository/net/java/dev/jna/jna-platform/4.5.0/jna-platform-4.5.0.jar:/home/acebrian/.m2/repository/org/apache/commons/commons-compress/1.10/commons-compress-1.10.jar:/home/acebrian/.m2/repository/org/springframework/security/spring-security-test/5.0.0.M5/spring-security-test-5.0.0.M5.jar:/home/acebrian/.m2/repository/org/springframework/security/spring-security-core/5.0.0.M5/spring-security-core-5.0.0.M5.jar:"/>
    <property name="java.vm.vendor" value="Oracle Corporation"/>
    <property name="sun.arch.data.model" value="64"/>
    <property name="java.vendor.url" value="http://java.oracle.com/"/>
    <property name="user.timezone" value=""/>
    <property name="java.vm.specification.version" value="1.8"/>
    <property name="os.name" value="Linux"/>
    <property name="user.country" value="ES"/>
    <property name="sun.java.launcher" value="SUN_STANDARD"/>
    <property name="sun.boot.library.path" value="/usr/lib/jvm/java-8-oracle/jre/lib/amd64"/>
    <property name="sun.java.command" value="/home/acebrian/workspace2/UltimateGamesRating/target/surefire/surefirebooter5421136916025467224.jar /home/acebrian/workspace2/UltimateGamesRating/target/surefire 2017-10-27T21-09-54_860-jvmRun1 surefire1285693566780309876tmp surefire_06519866376647788662tmp"/>
    <property name="surefire.test.class.path" value="/home/acebrian/workspace2/UltimateGamesRating/target/test-classes:/home/acebrian/workspace2/UltimateGamesRating/target/classes:/home/acebrian/.m2/repository/org/springframework/boot/spring-boot-starter-actuator/2.0.0.M5/spring-boot-starter-actuator-2.0.0.M5.jar:/home/acebrian/.m2/repository/org/springframework/boot/spring-boot-starter/2.0.0.M5/spring-boot-starter-2.0.0.M5.jar:/home/acebrian/.m2/repository/org/springframework/boot/spring-boot-starter-logging/2.0.0.M5/spring-boot-starter-logging-2.0.0.M5.jar:/home/acebrian/.m2/repository/ch/qos/logback/logback-classic/1.2.3/logback-classic-1.2.3.jar:/home/acebrian/.m2/repository/ch/qos/logback/logback-core/1.2.3/logback-core-1.2.3.jar:/home/acebrian/.m2/repository/org/slf4j/jul-to-slf4j/1.7.25/jul-to-slf4j-1.7.25.jar:/home/acebrian/.m2/repository/org/slf4j/log4j-over-slf4j/1.7.25/log4j-over-slf4j-1.7.25.jar:/home/acebrian/.m2/repository/javax/annotation/javax.annotation-api/1.3.1/javax.annotation-api-1.3.1.jar:/home/acebrian/.m2/repository/org/yaml/snakeyaml/1.18/snakeyaml-1.18.jar:/home/acebrian/.m2/repository/org/springframework/boot/spring-boot-actuator-autoconfigure/2.0.0.M5/spring-boot-actuator-autoconfigure-2.0.0.M5.jar:/home/acebrian/.m2/repository/org/springframework/boot/spring-boot-actuator/2.0.0.M5/spring-boot-actuator-2.0.0.M5.jar:/home/acebrian/.m2/repository/com/fasterxml/jackson/core/jackson-databind/2.9.1/jackson-databind-2.9.1.jar:/home/acebrian/.m2/repository/com/fasterxml/jackson/core/jackson-core/2.9.1/jackson-core-2.9.1.jar:/home/acebrian/.m2/repository/org/springframework/spring-context/5.0.0.RELEASE/spring-context-5.0.0.RELEASE.jar:/home/acebrian/.m2/repository/io/micrometer/micrometer-core/1.0.0-rc.2/micrometer-core-1.0.0-rc.2.jar:/home/acebrian/.m2/repository/org/springframework/boot/spring-boot-starter-aop/2.0.0.M5/spring-boot-starter-aop-2.0.0.M5.jar:/home/acebrian/.m2/repository/org/springframework/spring-aop/5.0.0.RELEASE/spring-aop-5.0.0.RELEASE.jar:/home/acebrian/.m2/repository/org/springframework/spring-beans/5.0.0.RELEASE/spring-beans-5.0.0.RELEASE.jar:/home/acebrian/.m2/repository/org/aspectj/aspectjweaver/1.8.11/aspectjweaver-1.8.11.jar:/home/acebrian/.m2/repository/org/springframework/boot/spring-boot-starter-data-mongodb/2.0.0.M5/spring-boot-starter-data-mongodb-2.0.0.M5.jar:/home/acebrian/.m2/repository/org/mongodb/mongodb-driver/3.5.0/mongodb-driver-3.5.0.jar:/home/acebrian/.m2/repository/org/mongodb/bson/3.5.0/bson-3.5.0.jar:/home/acebrian/.m2/repository/org/mongodb/mongodb-driver-core/3.5.0/mongodb-driver-core-3.5.0.jar:/home/acebrian/.m2/repository/org/springframework/data/spring-data-mongodb/2.0.0.RELEASE/spring-data-mongodb-2.0.0.RELEASE.jar:/home/acebrian/.m2/repository/org/springframework/spring-tx/5.0.0.RELEASE/spring-tx-5.0.0.RELEASE.jar:/home/acebrian/.m2/repository/org/springframework/spring-expression/5.0.0.RELEASE/spring-expression-5.0.0.RELEASE.jar:/home/acebrian/.m2/repository/org/springframework/data/spring-data-commons/2.0.0.RELEASE/spring-data-commons-2.0.0.RELEASE.jar:/home/acebrian/.m2/repository/org/springframework/boot/spring-boot-starter-data-rest/2.0.0.M5/spring-boot-starter-data-rest-2.0.0.M5.jar:/home/acebrian/.m2/repository/org/springframework/boot/spring-boot-starter-json/2.0.0.M5/spring-boot-starter-json-2.0.0.M5.jar:/home/acebrian/.m2/repository/com/fasterxml/jackson/datatype/jackson-datatype-jdk8/2.9.1/jackson-datatype-jdk8-2.9.1.jar:/home/acebrian/.m2/repository/com/fasterxml/jackson/datatype/jackson-datatype-jsr310/2.9.1/jackson-datatype-jsr310-2.9.1.jar:/home/acebrian/.m2/repository/com/fasterxml/jackson/module/jackson-module-parameter-names/2.9.1/jackson-module-parameter-names-2.9.1.jar:/home/acebrian/.m2/repository/com/fasterxml/jackson/module/jackson-module-kotlin/2.9.1/jackson-module-kotlin-2.9.1.jar:/home/acebrian/.m2/repository/org/springframework/data/spring-data-rest-webmvc/3.0.0.RELEASE/spring-data-rest-webmvc-3.0.0.RELEASE.jar:/home/acebrian/.m2/repository/org/springframework/data/spring-data-rest-core/3.0.0.RELEASE/spring-data-rest-core-3.0.0.RELEASE.jar:/home/acebrian/.m2/repository/org/atteo/evo-inflector/1.2.2/evo-inflector-1.2.2.jar:/home/acebrian/.m2/repository/com/fasterxml/jackson/core/jackson-annotations/2.9.0/jackson-annotations-2.9.0.jar:/home/acebrian/.m2/repository/org/springframework/data/spring-data-rest-hal-browser/3.0.0.RELEASE/spring-data-rest-hal-browser-3.0.0.RELEASE.jar:/home/acebrian/.m2/repository/org/slf4j/slf4j-api/1.7.25/slf4j-api-1.7.25.jar:/home/acebrian/.m2/repository/org/springframework/boot/spring-boot-starter-hateoas/2.0.0.M5/spring-boot-starter-hateoas-2.0.0.M5.jar:/home/acebrian/.m2/repository/org/springframework/hateoas/spring-hateoas/0.23.0.RELEASE/spring-hateoas-0.23.0.RELEASE.jar:/home/acebrian/.m2/repository/org/springframework/plugin/spring-plugin-core/1.2.0.RELEASE/spring-plugin-core-1.2.0.RELEASE.jar:/home/acebrian/.m2/repository/org/springframework/boot/spring-boot-starter-security/2.0.0.M5/spring-boot-starter-security-2.0.0.M5.jar:/home/acebrian/.m2/repository/org/springframework/security/spring-security-config/5.0.0.M5/spring-security-config-5.0.0.M5.jar:/home/acebrian/.m2/repository/org/springframework/security/spring-security-web/5.0.0.M5/spring-security-web-5.0.0.M5.jar:/home/acebrian/.m2/repository/org/springframework/boot/spring-boot-starter-web/2.0.0.M5/spring-boot-starter-web-2.0.0.M5.jar:/home/acebrian/.m2/repository/org/springframework/boot/spring-boot-starter-tomcat/2.0.0.M5/spring-boot-starter-tomcat-2.0.0.M5.jar:/home/acebrian/.m2/repository/org/apache/tomcat/embed/tomcat-embed-core/8.5.23/tomcat-embed-core-8.5.23.jar:/home/acebrian/.m2/repository/org/apache/tomcat/tomcat-annotations-api/8.5.23/tomcat-annotations-api-8.5.23.jar:/home/acebrian/.m2/repository/org/apache/tomcat/embed/tomcat-embed-el/8.5.23/tomcat-embed-el-8.5.23.jar:/home/acebrian/.m2/repository/org/apache/tomcat/embed/tomcat-embed-websocket/8.5.23/tomcat-embed-websocket-8.5.23.jar:/home/acebrian/.m2/repository/org/hibernate/validator/hibernate-validator/6.0.2.Final/hibernate-validator-6.0.2.Final.jar:/home/acebrian/.m2/repository/javax/validation/validation-api/2.0.0.Final/validation-api-2.0.0.Final.jar:/home/acebrian/.m2/repository/org/jboss/logging/jboss-logging/3.3.1.Final/jboss-logging-3.3.1.Final.jar:/home/acebrian/.m2/repository/com/fasterxml/classmate/1.3.4/classmate-1.3.4.jar:/home/acebrian/.m2/repository/org/springframework/spring-web/5.0.0.RELEASE/spring-web-5.0.0.RELEASE.jar:/home/acebrian/.m2/repository/org/springframework/spring-webmvc/5.0.0.RELEASE/spring-webmvc-5.0.0.RELEASE.jar:/home/acebrian/.m2/repository/org/springframework/boot/spring-boot-devtools/2.0.0.M5/spring-boot-devtools-2.0.0.M5.jar:/home/acebrian/.m2/repository/org/springframework/boot/spring-boot/2.0.0.M5/spring-boot-2.0.0.M5.jar:/home/acebrian/.m2/repository/org/springframework/boot/spring-boot-autoconfigure/2.0.0.M5/spring-boot-autoconfigure-2.0.0.M5.jar:/home/acebrian/.m2/repository/org/springframework/boot/spring-boot-starter-test/2.0.0.M5/spring-boot-starter-test-2.0.0.M5.jar:/home/acebrian/.m2/repository/org/springframework/boot/spring-boot-test/2.0.0.M5/spring-boot-test-2.0.0.M5.jar:/home/acebrian/.m2/repository/org/springframework/boot/spring-boot-test-autoconfigure/2.0.0.M5/spring-boot-test-autoconfigure-2.0.0.M5.jar:/home/acebrian/.m2/repository/com/jayway/jsonpath/json-path/2.4.0/json-path-2.4.0.jar:/home/acebrian/.m2/repository/net/minidev/json-smart/2.3/json-smart-2.3.jar:/home/acebrian/.m2/repository/net/minidev/accessors-smart/1.2/accessors-smart-1.2.jar:/home/acebrian/.m2/repository/org/ow2/asm/asm/5.0.4/asm-5.0.4.jar:/home/acebrian/.m2/repository/junit/junit/4.12/junit-4.12.jar:/home/acebrian/.m2/repository/org/assertj/assertj-core/3.8.0/assertj-core-3.8.0.jar:/home/acebrian/.m2/repository/org/mockito/mockito-core/2.10.0/mockito-core-2.10.0.jar:/home/acebrian/.m2/repository/net/bytebuddy/byte-buddy/1.7.6/byte-buddy-1.7.6.jar:/home/acebrian/.m2/repository/net/bytebuddy/byte-buddy-agent/1.7.6/byte-buddy-agent-1.7.6.jar:/home/acebrian/.m2/repository/org/objenesis/objenesis/2.6/objenesis-2.6.jar:/home/acebrian/.m2/repository/org/hamcrest/hamcrest-core/1.3/hamcrest-core-1.3.jar:/home/acebrian/.m2/repository/org/hamcrest/hamcrest-library/1.3/hamcrest-library-1.3.jar:/home/acebrian/.m2/repository/org/skyscreamer/jsonassert/1.5.0/jsonassert-1.5.0.jar:/home/acebrian/.m2/repository/com/vaadin/external/google/android-json/0.0.20131108.vaadin1/android-json-0.0.20131108.vaadin1.jar:/home/acebrian/.m2/repository/org/springframework/spring-core/5.0.0.RELEASE/spring-core-5.0.0.RELEASE.jar:/home/acebrian/.m2/repository/org/springframework/spring-jcl/5.0.0.RELEASE/spring-jcl-5.0.0.RELEASE.jar:/home/acebrian/.m2/repository/org/springframework/spring-test/5.0.0.RELEASE/spring-test-5.0.0.RELEASE.jar:/home/acebrian/.m2/repository/org/xmlunit/xmlunit-core/2.5.0/xmlunit-core-2.5.0.jar:/home/acebrian/.m2/repository/de/flapdoodle/embed/de.flapdoodle.embed.mongo/2.0.0/de.flapdoodle.embed.mongo-2.0.0.jar:/home/acebrian/.m2/repository/de/flapdoodle/embed/de.flapdoodle.embed.process/2.0.1/de.flapdoodle.embed.process-2.0.1.jar:/home/acebrian/.m2/repository/commons-io/commons-io/2.4/commons-io-2.4.jar:/home/acebrian/.m2/repository/org/apache/commons/commons-lang3/3.6/commons-lang3-3.6.jar:/home/acebrian/.m2/repository/net/java/dev/jna/jna/4.5.0/jna-4.5.0.jar:/home/acebrian/.m2/repository/net/java/dev/jna/jna-platform/4.5.0/jna-platform-4.5.0.jar:/home/acebrian/.m2/repository/org/apache/commons/commons-compress/1.10/commons-compress-1.10.jar:/home/acebrian/.m2/repository/org/springframework/security/spring-security-test/5.0.0.M5/spring-security-test-5.0.0.M5.jar:/home/acebrian/.m2/repository/org/springframework/security/spring-security-core/5.0.0.M5/spring-security-core-5.0.0.M5.jar:"/>
    <property name="sun.cpu.endian" value="little"/>
    <property name="user.home" value="/home/acebrian"/>
    <property name="user.language" value="es"/>
    <property name="java.specification.vendor" value="Oracle Corporation"/>
    <property name="java.home" value="/usr/lib/jvm/java-8-oracle/jre"/>
    <property name="basedir" value="/home/acebrian/workspace2/UltimateGamesRating"/>
    <property name="file.separator" value="/"/>
    <property name="line.separator" value="&#10;"/>
    <property name="java.vm.specification.vendor" value="Oracle Corporation"/>
    <property name="java.specification.name" value="Java Platform API Specification"/>
    <property name="java.awt.graphicsenv" value="sun.awt.X11GraphicsEnvironment"/>
    <property name="surefire.real.class.path" value="/home/acebrian/workspace2/UltimateGamesRating/target/surefire/surefirebooter5421136916025467224.jar"/>
    <property name="sun.boot.class.path" value="/usr/lib/jvm/java-8-oracle/jre/lib/resources.jar:/usr/lib/jvm/java-8-oracle/jre/lib/rt.jar:/usr/lib/jvm/java-8-oracle/jre/lib/sunrsasign.jar:/usr/lib/jvm/java-8-oracle/jre/lib/jsse.jar:/usr/lib/jvm/java-8-oracle/jre/lib/jce.jar:/usr/lib/jvm/java-8-oracle/jre/lib/charsets.jar:/usr/lib/jvm/java-8-oracle/jre/lib/jfr.jar:/usr/lib/jvm/java-8-oracle/jre/classes"/>
    <property name="sun.management.compiler" value="HotSpot 64-Bit Tiered Compilers"/>
    <property name="java.runtime.version" value="1.8.0_131-b11"/>
    <property name="user.name" value="acebrian"/>
    <property name="path.separator" value=":"/>
    <property name="os.version" value="4.10.0-37-generic"/>
    <property name="java.endorsed.dirs" value="/usr/lib/jvm/java-8-oracle/jre/lib/endorsed"/>
    <property name="java.runtime.name" value="Java(TM) SE Runtime Environment"/>
    <property name="file.encoding" value="UTF-8"/>
    <property name="java.vm.name" value="Java HotSpot(TM) 64-Bit Server VM"/>
    <property name="localRepository" value="/home/acebrian/.m2/repository"/>
    <property name="java.vendor.url.bug" value="http://bugreport.sun.com/bugreport/"/>
    <property name="java.io.tmpdir" value="/tmp"/>
    <property name="java.version" value="1.8.0_131"/>
    <property name="user.dir" value="/home/acebrian/workspace2/UltimateGamesRating"/>
    <property name="os.arch" value="amd64"/>
    <property name="java.vm.specification.name" value="Java Virtual Machine Specification"/>
    <property name="java.awt.printerjob" value="sun.print.PSPrinterJob"/>
    <property name="sun.os.patch.level" value="unknown"/>
    <property name="java.library.path" value="/usr/java/packages/lib/amd64:/usr/lib64:/lib64:/lib:/usr/lib"/>
    <property name="java.vm.info" value="mixed mode"/>
    <property name="java.vendor" value="Oracle Corporation"/>
    <property name="java.vm.version" value="25.131-b11"/>
    <property name="java.ext.dirs" value="/usr/lib/jvm/java-8-oracle/jre/lib/ext:/usr/java/packages/lib/ext"/>
    <property name="sun.io.unicode.encoding" value="UnicodeLittle"/>
    <property name="java.class.version" value="52.0"/>
  </properties>
  <testcase name="contextLoads" classname="com.opipo.ultimategamesrating.UltimateGamesRatingApplicationTests" time="0.061"/>
</testsuite>